564
1128
3247
3811
4375
6494
7058
9741
10305
12988
13552
16235
16799
18918
19482
20046
22165
22729
23293
25412
25976
28659
29223
31906
32470
35153
35717
37836
38400
38964
41083
41647
42211
44330
44894
47577
48141
50824
51388
54071
54635
56754
57318
57882
60001
60565
61129
63248
63812
66495
67059
69742
70306
72989
73553
75672
76236
76800
78919
79483
82166
82730
85413
85977
88660
89224
91907
92471
94590
95154
95718
97837
98401
101084
101648
104331
104895
107578
108142
110825
111389
113508
114072
114636
116755
117319
120002
120566
123249
123813
126496
127060
129743
130307
132426
132990
133554
135673
136237
138920
139484
142167
142731
145414
145978
148661
149225
151344
151908
152472
154591
155155
157838
158402
161085
161649
164332
164896
167579
168143
170262
170826
171390
173509
174073
176756
177320
180003
180567
183250
183814
186497
187061
189180
189744
190308
192427
192991
195674
196238
198921
199485
202168
202732
205415
205979
208098
208662
209226
211345
211909
214592
215156
217839
218403
221086
221650
224333
224897
227016
227580
228144
230263
230827
233510
234074
236757
237321
240004
240568
243251
243815
245934
246498
247062
249181
249745
252428
252992
255675
256239
258922
259486
262169
262733
264852
265416
265980
268099
268663
271346
271910
274593
275157
277840
278404
281087
281651
283770
284334
284898
287017
287581
290264
290828
293511
294075
296758
297322
300005
300569
302688
303252
303816
305935
306499
309182
309746
312429
312993
315676
316240
318923
319487
321606
322170
322734
324853
325417
328100
328664
331347
331911
334594
335158
337841
338405
340524
341088
341652
343771
344335
347018
347582
350265
350829
353512
354076
356759
357323
359442
360006
360570
362689
363253
365936
366500
369183
369747
372430
372994
375677
376241
378360
378924
379488
381607
382171
384854
385418
388101
388665
391348
391912
394595
395159
397278
397842
398406
400525
401089
403772
404336
407019
407583
410266
410830
413513
414077
416196
416760
417324
419443
420007
422690
423254
425937
426501
429184
429748
432431
432995
435114
435678
436242
438361
438925
441608
442172
444855
445419
448102
448666
451349
451913
454032
454596
455160
457279
457843
460526
461090
463773
464337
467020
467584
470267
470831
472950
473514
474078
476197
476761
479444
480008
482691
483255
485938
486502
489185
489749
491868
492432
492996
495115
495679
498362
498926
501609
502173
504856
505420
508103
508667
510786
511350
511914
514033
514597
517280
517844
520527
521091
523774
524338
527021
527585
529704
530268
530832
532951
533515
536198
536762
539445
540009
542692
543256
545939
546503
548622
549186
549750
551869
552433
555116
555680
558363
558927
561610
562174
564857
565421
567540
568104
568668
570787
571351
574034
574598
577281
577845
580528
581092
583775
584339
586458
587022
587586
589705
590269
592952
593516
596199
596763
599446
600010
602693
603257
605376
605940
606504
608623
609187
611870
612434
615117
615681
618364
618928
621611
622175
624294
624858
625422
627541
628105
630788
631352
634035
634599
637282
637846
640529
641093
643212
643776
644340
646459
647023
649706
650270
652953
653517
656200
656764
659447
660011
662130
662694
663258
665377
665941
668624
669188
671871
672435
675118
675682
678365
678929
681048
681612
682176
684295
684859
687542
688106
690789
691353
694036
694600
697283
697847
699966
700530
701094
703213
703777
706460
707024
709707
710271
712954
713518
715637
716201
716765
718884
719448
720012
722131
722695
725378
725942
728625
729189
731872
732436
734555
735119
735683
737802
738366
738930
741049
741613
744296
744860
747543
748107
750790
751354
753473
754037
754601
756720
757284
757848
759967
760531
763214
763778
766461
767025
769708
770272
772391
772955
773519
775638
776202
776766
778885
779449
782132
782696
785379
785943
788626
789190
791309
791873
792437
794556
795120
797803
798367
801050
801614
804297
804861
807544
808108
810227
810791
811355
813474
814038
816721
817285
819968
820532
823215
823779
826462
827026
829145
829709
830273
832392
832956
835639
836203
838886
839450
842133
842697
845380
845944
848063
848627
849191
851310
851874
854557
855121
857804
858368
861051
861615
864298
864862
866981
867545
868109
870228
870792
873475
874039
876722
877286
879969
880533
883216
883780
885899
886463
887027
889146
889710
892393
892957
895640
896204
898887
899451
902134
902698
904817
905381
905945
908064
908628
911311
911875
914558
915122
917805
918369
921052
921616
923735
924299
924863
926982
927546
930229
930793
933476
934040
936723
937287
939970
940534
942653
943217
943781
945900
946464
949147
949711
952394
952958
955641
956205
958888
959452
961571
962135
962699
964818
965382
968065
968629
971312
971876
974559
975123
977806
978370
980489
981053
981617
983736
984300
986983
987547
990230
990794
993477
994041
996724
997288
999407
999971
1000535
1002654
1003218
1005901
1006465
1009148
1009712
1012395
1012959
1015642
1016206
1018325
1018889
1019453
1021572
1022136
1024819
1025383
1028066
1028630
1031313
1031877
1034560
1035124
1037243
1037807
1038371
1040490
1041054
1043737
1044301
1046984
1047548
1050231
1050795
1053478
1054042
1056161
1056725
1057289
1059408
1059972
1062655
1063219
1065902
1066466
1069149
1069713
1072396
1072960
1075079
1075643
1076207
1078326
1078890
1081573
1082137
1084820
1085384
1088067
1088631
1091314
1091878
1093997
1094561
1095125
1097244
1097808
1100491
1101055
1103738
1104302
1106985
1107549
1110232
1110796
1112915
1113479
1114043
1116162
1116726
1119409
1119973
1122656
1123220
1125903
1126467
1129150
1129714
1131833
1132397
1132961
1135080
1135644
1138327
1138891
1141574
1142138
1144821
1145385
1148068
1148632
1150751
1151315
1151879
1153998
1154562
1157245
1157809
1160492
1161056
1163739
1164303
1166986
1167550
1169669
1170233
1170797
1172916
1173480
1176163
1176727
1179410
1179974
1182657
1183221
1185904
1186468
1188587
1189151
1189715
1191834
1192398
1195081
1195645
1198328
1198892
1201575
1202139
1204822
1205386
1207505
1208069
1208633
1210752
1211316
1213999
1214563
1217246
1217810
1220493
1221057
1223740
1224304
1226423
1226987
1227551
1229670
1230234
1232917
1233481
1236164
1236728
1239411
1239975
1242658
1243222
1245341
1245905
1246469
1248588
1249152
1251835
1252399
1255082
1255646
1258329
1258893
1261576
1262140
1264259
1264823
1265387
1267506
1268070
1270753
1271317
1274000
1274564
1277247
1277811
1280494
1281058
1283177
1283741
1284305
1286424
1286988
1289671
1290235
1292918
1293482
1296165
1296729
1299412
1299976
1302095
1302659
1303223
1305342
1305906
1308589
1309153
1311836
1312400
1315083
1315647
1318330
1318894
1321013
1321577
1322141
1324260
1324824
1327507
1328071
1330754
1331318
1334001
1334565
1337248
1337812
1339931
1340495
1341059
1343178
1343742
1346425
1346989
1349672
1350236
1352919
1353483
1356166
1356730
1358849
1359413
1359977
1362096
1362660
1365343
1365907
1368590
1369154
1371837
1372401
1375084
1375648
1377767
1378331
1378895
1381014
1381578
1384261
1384825
1387508
1388072
1390755
1391319
1394002
1394566
1396685
1397249
1397813
1399932
1400496
1403179
1403743
1406426
1406990
1409673
1410237
1412920
1413484
1415603
1416167
1416731
1418850
1419414
1422097
1422661
1425344
1425908
1428591
1429155
1431274
1431838
1432402
1434521
1435085
1435649
1437768
1438332
1441015
1441579
1444262
1444826
1447509
1448073
1450192
1450756
1451320
1453439
1454003
1454567
1456686
1457250
1459933
1460497
1463180
1463744
1466427
1466991
1469110
1469674
1470238
1472357
1472921
1473485
1475604
1476168
1478851
1479415
1482098
1482662
1485345
1485909
1488028
1488592
1489156
1491275
1491839
1492403
1494522
1495086
1497769
1498333
1501016
1501580
1504263
1504827
1506946
1507510
1508074
1510193
1510757
1513440
1514004
1516687
1517251
1519934
1520498
1523181
1523745
1525864
1526428
1526992
1529111
1529675
1532358
1532922
1535605
1536169
1538852
1539416
1542099
1542663
1544782
1545346
1545910
1548029
1548593
1551276
1551840
1554523
1555087
1557770
1558334
1561017
1561581
1563700
1564264
1564828
1566947
1567511
1570194
1570758
1573441
1574005
1576688
1577252
1579935
1580499
1582618
1583182
1583746
1585865
1586429
1589112
1589676
1592359
1592923
1595606
1596170
1598853
1599417
1601536
1602100
1602664
1604783
1605347
1608030
1608594
1611277
1611841
1614524
1615088
1617771
1618335
1620454
1621018
1621582
1623701
1624265
1626948
1627512
1630195
1630759
1633442
1634006
1636689
1637253
1639372
1639936
1640500
1642619
1643183
1645866
1646430
1649113
1649677
1652360
1652924
1655607
1656171
1658290
1658854
1659418
1661537
1662101
1664784
1665348
1668031
1668595
1671278
1671842
1674525
1675089
1677208
1677772
1678336
1680455
1681019
1683702
1684266
1686949
1687513
1690196
1690760
1693443
1694007
1696126
1696690
1697254
1699373
1699937
1702620
1703184
1705867
1706431
1709114
1709678
1712361
1712925
1715044
1715608
1716172
1718291
1718855
1721538
1722102
1724785
1725349
1728032
1728596
1731279
1731843
1733962
1734526
1735090
1737209
1737773
1740456
1741020
1743703
1744267
1746950
1747514
1750197
1750761
1752880
1753444
1754008
1756127
1756691
1759374
1759938
1762621
1763185
1765868
1766432
1769115
1769679
1771798
1772362
1772926
1775045
1775609
1778292
1778856
1781539
1782103
1784786
1785350
1788033
1788597
1790716
1791280
1791844
1793963
1794527
1797210
1797774
1800457
1801021
1803704
1804268
1806951
1807515
1809634
1810198
1810762
1812881
1813445
1816128
1816692
1819375
1819939
1822622
1823186
1825869
1826433
1828552
1829116
1829680
1831799
1832363
1835046
1835610
1838293
1838857
1841540
1842104
1844787
1845351
1847470
1848034
1848598
1850717
1851281
1853964
1854528
1857211
1857775
1860458
1861022
1863705
1864269
1866388
1866952
1867516
1869635
1870199
1872882
1873446
1876129
1876693
1879376
1879940
1882623
1883187
1885306
1885870
1886434
1888553
1889117
1891800
1892364
1895047
1895611
1898294
1898858
1901541
1902105
1904224
1904788
1905352
1907471
1908035
1910718
1911282
1913965
1914529
1917212
1917776
1920459
1921023
1923142
1923706
1924270
1926389
1926953
1929636
1930200
1932883
1933447
1936130
1936694
1939377
1939941
1942060
1942624
1943188
1945307
1945871
1948554
1949118
1951801
1952365
1955048
1955612
1958295
1958859
1960978
1961542
1962106
1964225
1964789
1967472
1968036
1970719
1971283
1973966
1974530
1977213
1977777
1979896
1980460
1981024
1983143
1983707
1986390
1986954
1989637
1990201
1992884
1993448
1996131
1996695
1998814
1999378
1999942
2002061
2002625
2005308
2005872
2008555
2009119
2011802
2012366
2015049
2015613
2017732
2018296
2018860
2020979
2021543
2024226
2024790
2027473
2028037
2030720
2031284
2033967
2034531
2036650
2037214
2037778
2039897
2040461
2043144
2043708
2046391
2046955
2049638
2050202
2052885
2053449
2055568
2056132
2056696
2058815
2059379
2062062
2062626
2065309
2065873
2068556
2069120
2071803
2072367
2074486
2075050
2075614
2077733
2078297
2080980
2081544
2084227
2084791
2087474
2088038
2090721
2091285
2093404
2093968
2094532
2096651
2097215
2099898
2100462
2103145
2103709
2106392
2106956
2109639
2110203
2112322
2112886
2113450
2115569
2116133
2118816
2119380
2122063
2122627
2125310
2125874
2128557
2129121
2131240
2131804
2132368
2134487
2135051
2137734
2138298
2140981
2141545
2144228
2144792
2146911
2147475
2148039
2150158
2150722
2151286
2153405
2153969
2156652
2157216
2159899
2160463
2163146
2163710
2165829
2166393
2166957
2169076
2169640
2170204
2172323
2172887
2175570
2176134
2178817
2179381
2182064
2182628
2184747
2185311
2185875
2187994
2188558
2189122
2191241
2191805
2194488
2195052
2197735
2198299
2200982
2201546
2203665
2204229
2204793
2206912
2207476
2208040
2210159
2210723
2213406
2213970
2216653
2217217
2219900
2220464
2222583
2223147
2223711
2225830
2226394
2229077
2229641
2232324
2232888
2235571
2236135
2238818
2239382
2241501
2242065
2242629
2244748
2245312
2247995
2248559
2251242
2251806
2254489
2255053
2257736
2258300
2260419
2260983
2261547
2263666
2264230
2266913
2267477
2270160
2270724
2273407
2273971
2276654
2277218
2279337
2279901
2280465
2282584
2283148
2285831
2286395
2289078
2289642
2292325
2292889
2295572
2296136
2298255
2298819
2299383
2301502
2302066
2304749
2305313
2307996
2308560
2311243
2311807
2314490
2315054
2317173
2317737
2318301
2320420
2320984
2323667
2324231
2326914
2327478
2330161
2330725
2333408
2333972
2336091
2336655
2337219
2339338
2339902
2342585
2343149
2345832
2346396
2349079
2349643
2352326
2352890
2355009
2355573
2356137
2358256
2358820
2361503
2362067
2364750
2365314
2367997
2368561
2371244
2371808
2373927
2374491
2375055
2377174
2377738
2380421
2380985
2383668
2384232
2386915
2387479
2390162
2390726
2392845
2393409
2393973
2396092
2396656
2399339
2399903
2402586
2403150
2405833
2406397
2409080
2409644
2411763
2412327
2412891
2415010
2415574
2418257
2418821
2421504
2422068
2424751
2425315
2427998
2428562
2430681
2431245
2431809
2433928
2434492
2437175
2437739
2440422
2440986
2443669
2444233
2446916
2447480
2449599
2450163
2450727
2452846
2453410
2456093
2456657
2459340
2459904
2462587
2463151
2465834
2466398
2468517
2469081
2469645
2471764
2472328
2475011
2475575
2478258
2478822
2481505
2482069
2484752
2485316
2487435
2487999
2488563
2490682
2491246
2493929
2494493
2497176
2497740
2500423
2500987
2503670
2504234
2506353
2506917
2507481
2509600
2510164
2512847
2513411
2516094
2516658
2519341
2519905
2522588
2523152
2525271
2525835
2526399
2528518
2529082
2531765
2532329
2535012
2535576
2538259
2538823
2541506
2542070
2544189
2544753
2545317
2547436
2548000
2550683
2551247
2553930
2554494
2557177
2557741
2560424
2560988
2563107
2563671
2564235
2566354
2566918
2569601
2570165
2572848
2573412
2576095
2576659
2579342
2579906
2582025
2582589
2583153
2585272
2585836
2588519
2589083
2591766
2592330
2595013
2595577
2598260
2598824
2600943
2601507
2602071
2604190
2604754
2607437
2608001
2610684
2611248
2613931
2614495
2617178
2617742
2619861
2620425
2620989
2623108
2623672
2626355
2626919
2629602
2630166
2632849
2633413
2636096
2636660
2638779
2639343
2639907
2642026
2642590
2645273
2645837
2648520
2649084
2651767
2652331
2655014
2655578
2657697
2658261
2658825
2660944
2661508
2664191
2664755
2667438
2668002
2670685
2671249
2673932
2674496
2676615
2677179
2677743
2679862
2680426
2683109
2683673
2686356
2686920
2689603
2690167
2692850
2693414
2695533
2696097
2696661
2698780
2699344
2702027
2702591
2705274
2705838
2708521
2709085
2711768
2712332
2714451
2715015
2715579
2717698
2718262
2720945
2721509
2724192
2724756
2727439
2728003
2730686
2731250
2733369
2733933
2734497
2736616
2737180
2739863
2740427
2743110
2743674
2746357
2746921
2749604
2750168
2752287
2752851
2753415
2755534
2756098
2758781
2759345
2762028
2762592
2765275
2765839
2768522
2769086
2771205
2771769
2772333
2774452
2775016
2777699
2778263
2780946
2781510
2784193
2784757
2787440
2788004
2790123
2790687
2791251
2793370
2793934
2796617
2797181
2799864
2800428
2803111
2803675
2806358
2806922
2809041
2809605
2810169
2812288
2812852
2815535
2816099
2818782
2819346
2822029
2822593
2825276
2825840
2827959
2828523
2829087
2831206
2831770
2834453
2835017
2837700
2838264
2840947
2841511
2844194
2844758
2846877
2847441
2848005
2850124
2850688
2853371
2853935
2856618
2857182
2859865
2860429
2862548
2863112
2863676
2865795
2866359
2866923
2869042
2869606
2872289
2872853
2875536
2876100
2878783
2879347
2881466
2882030
2882594
2884713
2885277
2885841
2887960
2888524
2891207
2891771
2894454
2895018
2897701
2898265
2900384
2900948
2901512
2903631
2904195
2904759
2906878
2907442
2910125
2910689
2913372
2913936
2916619
2917183
2919302
2919866
2920430
2922549
2923113
2923677
2925796
2926360
2929043
2929607
2932290
2932854
2935537
2936101
2938220
2938784
2939348
2941467
2942031
2944714
2945278
2947961
2948525
2951208
2951772
2954455
2955019
2957138
2957702
2958266
2960385
2960949
2963632
2964196
2966879
2967443
2970126
2970690
2973373
2973937
2976056
2976620
2977184
2979303
2979867
2982550
2983114
2985797
2986361
2989044
2989608
2992291
2992855
2994974
2995538
2996102
2998221
2998785
3001468
3002032
3004715
3005279
3007962
3008526
3011209
3011773
3013892
3014456
3015020
3017139
3017703
3020386
3020950
3023633
3024197
3026880
3027444
3030127
3030691
3032810
3033374
3033938
3036057
3036621
3039304
3039868
3042551
3043115
3045798
3046362
3049045
3049609
3051728
3052292
3052856
3054975
3055539
3058222
3058786
3061469
3062033
3064716
3065280
3067963
3068527
3070646
3071210
3071774
3073893
3074457
3077140
3077704
3080387
3080951
3083634
3084198
3086881
3087445
3089564
3090128
3090692
3092811
3093375
3096058
3096622
3099305
3099869
3102552
3103116
3105799
3106363
3108482
3109046
3109610
3111729
3112293
3114976
3115540
3118223
3118787
3121470
3122034
3124717
3125281
3127400
3127964
3128528
3130647
3131211
3133894
3134458
3137141
3137705
3140388
3140952
3143635
3144199
3146318
3146882
3147446
3149565
3150129
3152812
3153376
3156059
3156623
3159306
3159870
3162553
3163117
3165236
3165800
3166364
3168483
3169047
3171730
3172294
3174977
3175541
3178224
3178788
3181471
3182035
3184154
3184718
3185282
3187401
3187965
3190648
3191212
3193895
3194459
3197142
3197706
3200389
3200953
3203072
3203636
3204200
3206319
3206883
3209566
3210130
3212813
3213377
3216060
3216624
3219307
3219871
3221990
3222554
3223118
3225237
3225801
3228484
3229048
3231731
3232295
3234978
3235542
3238225
3238789
3240908
3241472
3242036
3244155
3244719
3247402
3247966
3250649
3251213
3253896
3254460
3257143
3257707
3259826
3260390
3260954
3263073
3263637
3266320
3266884
3269567
3270131
3272814
3273378
3276061
3276625
3278744
3279308
3279872
3281991
3282555
3285238
3285802
3288485
3289049
3291732
3292296
3294979
3295543
3297662
3298226
3298790
3300909
3301473
3304156
3304720
3307403
3307967
3310650
3311214
3313897
3314461
3316580
3317144
3317708
3319827
3320391
3323074
3323638
3326321
3326885
3329568
3330132
3332815
3333379
3335498
3336062
3336626
3338745
3339309
3341992
3342556
3345239
3345803
3348486
3349050
3351733
3352297
3354416
3354980
3355544
3357663
3358227
3360910
3361474
3364157
3364721
3367404
3367968
3370651
3371215
3373334
3373898
3374462
3376581
3377145
3379828
3380392
3383075
3383639
3386322
3386886
3389569
3390133
3392252
3392816
3393380
3395499
3396063
3398746
3399310
3401993
3402557
3405240
3405804
3408487
3409051
3411170
3411734
3412298
3414417
3414981
3417664
3418228
3420911
3421475
3424158
3424722
3427405
3427969
3430088
3430652
3431216
3433335
3433899
3436582
3437146
3439829
3440393
3443076
3443640
3446323
3446887
3449006
3449570
3450134
3452253
3452817
3455500
3456064
3458747
3459311
3461994
3462558
3465241
3465805
3467924
3468488
3469052
3471171
3471735
3474418
3474982
3477665
3478229
3480912
3481476
3484159
3484723
3486842
3487406
3487970
3490089
3490653
3493336
3493900
3496583
3497147
3499830
3500394
3503077
3503641
3505760
3506324
3506888
3509007
3509571
3512254
3512818
3515501
3516065
3518748
3519312
3521995
3522559
3524678
3525242
3525806
3527925
3528489
3531172
3531736
3534419
3534983
3537666
3538230
3540913
3541477
3543596
3544160
3544724
3546843
3547407
3550090
3550654
3553337
3553901
3556584
3557148
3559831
3560395
3562514
3563078
3563642
3565761
3566325
3569008
3569572
3572255
3572819
3575502
3576066
3578185
3578749
3579313
3581432
3581996
3582560
3584679
3585243
3587926
3588490
3591173
3591737
3594420
3594984
3597103
3597667
3598231
3600350
3600914
3601478
3603597
3604161
3606844
3607408
3610091
3610655
3613338
3613902
3616021
3616585
3617149
3619268
3619832
3620396
3622515
3623079
3625762
3626326
3629009
3629573
3632256
3632820
3634939
3635503
3636067
3638186
3638750
3639314
3641433
3641997
3644680
3645244
3647927
3648491
3651174
3651738
3653857
3654421
3654985
3657104
3657668
3660351
3660915
3663598
3664162
3666845
3667409
3670092
3670656
3672775
3673339
3673903
3676022
3676586
3679269
3679833
3682516
3683080
3685763
3686327
3689010
3689574
3691693
3692257
3692821
3694940
3695504
3698187
3698751
3701434
3701998
3704681
3705245
3707928
3708492
3710611
3711175
3711739
3713858
3714422
3717105
3717669
3720352
3720916
3723599
3724163
3726846
3727410
3729529
3730093
3730657
3732776
3733340
3736023
3736587
3739270
3739834
3742517
3743081
3745764
3746328
3748447
3749011
3749575
3751694
3752258
3754941
3755505
3758188
3758752
3761435
3761999
3764682
3765246
3767365
3767929
3768493
3770612
3771176
3773859
3774423
3777106
3777670
3780353
3780917
3783600
3784164
3786283
3786847
3787411
3789530
3790094
3792777
3793341
3796024
3796588
3799271
3799835
3802518
3803082
3805201
3805765
3806329
3808448
3809012
3811695
3812259
3814942
3815506
3818189
3818753
3821436
3822000
3824119
3824683
3825247
3827366
3827930
3830613
3831177
3833860
3834424
3837107
3837671
3840354
3840918
3843037
3843601
3844165
3846284
3846848
3849531
3850095
3852778
3853342
3856025
3856589
3859272
3859836
3861955
3862519
3863083
3865202
3865766
3868449
3869013
3871696
3872260
3874943
3875507
3878190
3878754
3880873
3881437
3882001
3884120
3884684
3887367
3887931
3890614
3891178
3893861
3894425
3897108
3897672
3899791
3900355
3900919
3903038
3903602
3906285
3906849
3909532
3910096
3912779
3913343
3916026
3916590
3918709
3919273
3919837
3921956
3922520
3925203
3925767
3928450
3929014
3931697
3932261
3934944
3935508
3937627
3938191
3938755
3940874
3941438
3944121
3944685
3947368
3947932
3950615
3951179
3953862
3954426
3956545
3957109
3957673
3959792
3960356
3963039
3963603
3966286
3966850
3969533
3970097
3972780
3973344
3975463
3976027
3976591
3978710
3979274
3981957
3982521
3985204
3985768
3988451
3989015
3991698
3992262
3994381
3994945
3995509
3997628
3998192
4000875
4001439
4004122
4004686
4007369
4007933
4010616
4011180
4013299
4013863
4014427
4016546
4017110
4019793
4020357
4023040
4023604
4026287
4026851
4029534
4030098
4032217
4032781
4033345
4035464
4036028
4038711
4039275
4041958
4042522
4045205
4045769
4048452
4049016
4051135
4051699
4052263
4054382
4054946
4057629
4058193
4060876
4061440
4064123
4064687
4067370
4067934
4070053
4070617
4071181
4073300
4073864
4076547
4077111
4079794
4080358
4083041
4083605
4086288
4086852
4088971
4089535
4090099
4092218
4092782
4095465
4096029
4098712
4099276
4101959
4102523
4105206
4105770
4107889
4108453
4109017
4111136
4111700
4114383
4114947
4117630
4118194
4120877
4121441
4124124
4124688
4126807
4127371
4127935
4130054
4130618
4133301
4133865
4136548
4137112
4139795
4140359
4143042
4143606
4145725
4146289
4146853
4148972
4149536
4152219
4152783
4155466
4156030
4158713
4159277
4161960
4162524
4164643
4165207
4165771
4167890
4168454
4171137
4171701
4174384
4174948
4177631
4178195
4180878
4181442
4183561
4184125
4184689
4186808
4187372
4190055
4190619
4193302
4193866
4196549
4197113
4199796
4200360
4202479
4203043
4203607
4205726
4206290
4208973
4209537
4212220
4212784
4215467
4216031
4218714
4219278
4221397
4221961
4222525
4224644
4225208
4227891
4228455
4231138
4231702
4234385
4234949
4237632
4238196
4240315
4240879
4241443
4243562
4244126
4246809
4247373
4250056
4250620
4253303
4253867
4256550
4257114
4259233
4259797
4260361
4262480
4263044
4265727
4266291
4268974
4269538
4272221
4272785
4275468
4276032
4278151
4278715
4279279
4281398
4281962
4284645
4285209
4287892
4288456
4291139
4291703
4293822
4294386
4294950
4297069
4297633
4298197
4300316
4300880
4303563
4304127
4306810
4307374
4310057
4310621
4312740
4313304
4313868
4315987
4316551
4317115
4319234
4319798
4322481
4323045
4325728
4326292
4328975
4329539
4331658
4332222
4332786
4334905
4335469
4336033
4338152
4338716
4341399
4341963
4344646
4345210
4347893
4348457
4350576
4351140
4351704
4353823
4354387
4357070
4357634
4360317
4360881
4363564
4364128
4366811
4367375
4369494
4370058
4370622
4372741
4373305
4375988
4376552
4379235
4379799
4382482
4383046
4385729
4386293
4388412
4388976
4389540
4391659
4392223
4394906
4395470
4398153
4398717
4401400
4401964
4404647
4405211
4407330
4407894
4408458
4410577
4411141
4413824
4414388
4417071
4417635
4420318
4420882
4423565
4424129
4426248
4426812
4427376
4429495
4430059
4432742
4433306
4435989
4436553
4439236
4439800
4442483
4443047
4445166
4445730
4446294
4448413
4448977
4451660
4452224
4454907
4455471
4458154
4458718
4461401
4461965
4464084
4464648
4465212
4467331
4467895
4470578
4471142
4473825
4474389
4477072
4477636
4480319
4480883
4483002
4483566
4484130
4486249
4486813
4489496
4490060
4492743
4493307
4495990
4496554
4499237
4499801
4501920
4502484
4503048
4505167
4505731
4508414
4508978
4511661
4512225
4514908
4515472
4518155
4518719
4520838
4521402
4521966
4524085
4524649
4527332
4527896
4530579
4531143
4533826
4534390
4537073
4537637
4539756
4540320
4540884
4543003
4543567
4546250
4546814
4549497
4550061
4552744
4553308
4555991
4556555
4558674
4559238
4559802
4561921
4562485
4565168
4565732
4568415
4568979
4571662
4572226
4574909
4575473
4577592
4578156
4578720
4580839
4581403
4584086
4584650
4587333
4587897
4590580
4591144
4593827
4594391
4596510
4597074
4597638
4599757
4600321
4603004
4603568
4606251
4606815
4609498
4610062
4612745
4613309
4615428
4615992
4616556
4618675
4619239
4621922
4622486
4625169
4625733
4628416
4628980
4631663
4632227
4634346
4634910
4635474
4637593
4638157
4640840
4641404
4644087
4644651
4647334
4647898
4650581
4651145
4653264
4653828
4654392
4656511
4657075
4659758
4660322
4663005
4663569
4666252
4666816
4669499
4670063
4672182
4672746
4673310
4675429
4675993
4678676
4679240
4681923
4682487
4685170
4685734
4688417
4688981
4691100
4691664
4692228
4694347
4694911
4697594
4698158
4700841
4701405
4704088
4704652
4707335
4707899
4710018
4710582
4711146
4713265
4713829
4716512
4717076
4719759
4720323
4723006
4723570
4726253
4726817
4728936
4729500
4730064
4732183
4732747
4735430
4735994
4738677
4739241
4741924
4742488
4745171
4745735
4747854
4748418
4748982
4751101
4751665
4754348
4754912
4757595
4758159
4760842
4761406
4764089
4764653
4766772
4767336
4767900
4770019
4770583
4773266
4773830
4776513
4777077
4779760
4780324
4783007
4783571
4785690
4786254
4786818
4788937
4789501
4792184
4792748
4795431
4795995
4798678
4799242
4801925
4802489
4804608
4805172
4805736
4807855
4808419
4811102
4811666
4814349
4814913
4817596
4818160
4820843
4821407
4823526
4824090
4824654
4826773
4827337
4830020
4830584
4833267
4833831
4836514
4837078
4839761
4840325
4842444
4843008
4843572
4845691
4846255
4848938
4849502
4852185
4852749
4855432
4855996
4858679
4859243
4861362
4861926
4862490
4864609
4865173
4867856
4868420
4871103
4871667
4874350
4874914
4877597
4878161
4880280
4880844
4881408
4883527
4884091
4886774
4887338
4890021
4890585
4893268
4893832
4896515
4897079
4899198
4899762
4900326
4902445
4903009
4905692
4906256
4908939
4909503
4912186
4912750
4915433
4915997
4918116
4918680
4919244
4921363
4921927
4924610
4925174
4927857
4928421
4931104
4931668
4934351
4934915
4937034
4937598
4938162
4940281
4940845
4943528
4944092
4946775
4947339
4950022
4950586
4953269
4953833
4955952
4956516
4957080
4959199
4959763
4962446
4963010
4965693
4966257
4968940
4969504
4972187
4972751
4974870
4975434
4975998
4978117
4978681
4981364
4981928
4984611
4985175
4987858
4988422
4991105
4991669
4993788
4994352
4994916
4997035
4997599
5000282
5000846
5003529
5004093
5006776
5007340
5009459
5010023
5010587
5012706
5013270
5013834
5015953
5016517
5019200
5019764
5022447
5023011
5025694
5026258
5028377
5028941
5029505
5031624
5032188
5032752
5034871
5035435
5038118
5038682
5041365
5041929
5044612
5045176
5047295
5047859
5048423
5050542
5051106
5051670
5053789
5054353
5057036
5057600
5060283
5060847
5063530
5064094
5066213
5066777
5067341
5069460
5070024
5072707
5073271
5075954
5076518
5079201
5079765
5082448
5083012
5085131
5085695
5086259
5088378
5088942
5091625
5092189
5094872
5095436
5098119
5098683
5101366
5101930
5104049
5104613
5105177
5107296
5107860
5110543
5111107
5113790
5114354
5117037
5117601
5120284
5120848
5122967
5123531
5124095
5126214
5126778
5129461
5130025
5132708
5133272
5135955
5136519
5139202
5139766
5141885
5142449
5143013
5145132
5145696
5148379
5148943
5151626
5152190
5154873
5155437
5158120
5158684
5160803
5161367
5161931
5164050
5164614
5167297
5167861
5170544
5171108
5173791
5174355
5177038
5177602
5179721
5180285
5180849
5182968
5183532
5186215
5186779
5189462
5190026
5192709
5193273
5195956
5196520
5198639
5199203
5199767
5201886
5202450
5205133
5205697
5208380
5208944
5211627
5212191
5214874
5215438
5217557
5218121
5218685
5220804
5221368
5224051
5224615
5227298
5227862
5230545
5231109
5233792
5234356
5236475
5237039
5237603
5239722
5240286
5242969
5243533
5246216
5246780
5249463
5250027
5252710
5253274
5255393
5255957
5256521
5258640
5259204
5261887
5262451
5265134
5265698
5268381
5268945
5271628
5272192
5274311
5274875
5275439
5277558
5278122
5280805
5281369
5284052
5284616
5287299
5287863
5290546
5291110
5293229
5293793
5294357
5296476
5297040
5299723
5300287
5302970
5303534
5306217
5306781
5309464
5310028
5312147
5312711
5313275
5315394
5315958
5318641
5319205
5321888
5322452
5325135
5325699
5328382
5328946
5331065
5331629
5332193
5334312
5334876
5337559
5338123
5340806
5341370
5344053
5344617
5347300
5347864
5349983
5350547
5351111
5353230
5353794
5356477
5357041
5359724
5360288
5362971
5363535
5366218
5366782
5368901
5369465
5370029
5372148
5372712
5375395
5375959
5378642
5379206
5381889
5382453
5385136
5385700
5387819
5388383
5388947
5391066
5391630
5394313
5394877
5397560
5398124
5400807
5401371
5404054
5404618
5406737
5407301
5407865
5409984
5410548
5413231
5413795
5416478
5417042
5419725
5420289
5422972
5423536
5425655
5426219
5426783
5428902
5429466
5432149
5432713
5435396
5435960
5438643
5439207
5441890
5442454
5444573
5445137
5445701
5447820
5448384
5451067
5451631
5454314
5454878
5457561
5458125
5460808
5461372
5463491
5464055
5464619
5466738
5467302
5469985
5470549
5473232
5473796
5476479
5477043
5479726
5480290
5482409
5482973
5483537
5485656
5486220
5488903
5489467
5492150
5492714
5495397
5495961
5498644
5499208
5501327
5501891
5502455
5504574
5505138
5507821
5508385
5511068
5511632
5514315
5514879
5517562
5518126
5520245
5520809
5521373
5523492
5524056
5526739
5527303
5529986
5530550
5533233
5533797
5536480
5537044
5539163
5539727
5540291
5542410
5542974
5545657
5546221
5548904
5549468
5552151
5552715
5555398
5555962
5558081
5558645
5559209
5561328
5561892
5564575
5565139
5567822
5568386
5571069
5571633
5574316
5574880
5576999
5577563
5578127
5580246
5580810
5583493
5584057
5586740
5587304
5589987
5590551
5593234
5593798
5595917
5596481
5597045
5599164
5599728
5602411
5602975
5605658
5606222
5608905
5609469
5612152
5612716
5614835
5615399
5615963
5618082
5618646
5621329
5621893
5624576
5625140
5627823
5628387
5631070
5631634
5633753
5634317
5634881
5637000
5637564
5640247
5640811
5643494
5644058
5646741
5647305
5649988
5650552
5652671
5653235
5653799
5655918
5656482
5659165
5659729
5662412
5662976
5665659
5666223
5668906
5669470
5671589
5672153
5672717
5674836
5675400
5678083
5678647
5681330
5681894
5684577
5685141
5687824
5688388
5690507
5691071
5691635
5693754
5694318
5697001
5697565
5700248
5700812
5703495
5704059
5706742
5707306
5709425
5709989
5710553
5712672
5713236
5715919
5716483
5719166
5719730
5722413
5722977
5725096
5725660
5726224
5728343
5728907
5729471
5731590
5732154
5734837
5735401
5738084
5738648
5741331
5741895
5744014
5744578
5745142
5747261
5747825
5748389
5750508
5751072
5753755
5754319
5757002
5757566
5760249
5760813
5762932
5763496
5764060
5766179
5766743
5767307
5769426
5769990
5772673
5773237
5775920
5776484
5779167
5779731
5781850
5782414
5782978
5785097
5785661
5788344
5788908
5791591
5792155
5794838
5795402
5798085
5798649
5800768
5801332
5801896
5804015
5804579
5807262
5807826
5810509
5811073
5813756
5814320
5817003
5817567
5819686
5820250
5820814
5822933
5823497
5826180
5826744
5829427
5829991
5832674
5833238
5835921
5836485
5838604
5839168
5839732
5841851
5842415
5845098
5845662
5848345
5848909
5851592
5852156
5854839
5855403
5857522
5858086
5858650
5860769
5861333
5864016
5864580
5867263
5867827
5870510
5871074
5873757
5874321
5876440
5877004
5877568
5879687
5880251
5882934
5883498
5886181
5886745
5889428
5889992
5892675
5893239
5895358
5895922
5896486
5898605
5899169
5901852
5902416
5905099
5905663
5908346
5908910
5911593
5912157
5914276
5914840
5915404
5917523
5918087
5920770
5921334
5924017
5924581
5927264
5927828
5930511
5931075
5933194
5933758
5934322
5936441
5937005
5939688
5940252
5942935
5943499
5946182
5946746
5949429
5949993
5952112
5952676
5953240
5955359
5955923
5958606
5959170
5961853
5962417
5965100
5965664
5968347
5968911
5971030
5971594
5972158
5974277
5974841
5977524
5978088
5980771
5981335
5984018
5984582
5987265
5987829
5989948
5990512
5991076
5993195
5993759
5996442
5997006
5999689
6000253
6002936
6003500
6006183
6006747
6008866
6009430
6009994
6012113
6012677
6015360
6015924
6018607
6019171
6021854
6022418
6025101
6025665
6027784
6028348
6028912
6031031
6031595
6034278
6034842
6037525
6038089
6040772
6041336
6044019
6044583
6046702
6047266
6047830
6049949
6050513
6053196
6053760
6056443
6057007
6059690
6060254
6062937
6063501
6065620
6066184
6066748
6068867
6069431
6072114
6072678
6075361
6075925
6078608
6079172
6081855
6082419
6084538
6085102
6085666
6087785
6088349
6091032
6091596
6094279
6094843
6097526
6098090
6100773
6101337
6103456
6104020
6104584
6106703
6107267
6109950
6110514
6113197
6113761
6116444
6117008
6119691
6120255
6122374
6122938
6123502
6125621
6126185
6128868
6129432
6132115
6132679
6135362
6135926
6138609
6139173
6141292
6141856
6142420
6144539
6145103
6147786
6148350
6151033
6151597
6154280
6154844
6157527
6158091
6160210
6160774
6161338
6163457
6164021
6166704
6167268
6169951
6170515
6173198
6173762
6176445
6177009
6179128
6179692
6180256
6182375
6182939
6185622
6186186
6188869
6189433
6192116
6192680
6195363
6195927
6198046
6198610
6199174
6201293
6201857
6204540
6205104
6207787
6208351
6211034
6211598
6214281
6214845
6216964
6217528
6218092
6220211
6220775
6223458
6224022
6226705
6227269
6229952
6230516
6233199
6233763
6235882
6236446
6237010
6239129
6239693
6242376
6242940
6245623
6246187
6248870
6249434
6252117
6252681
6254800
6255364
6255928
6258047
6258611
6261294
6261858
6264541
6265105
6267788
6268352
6271035
6271599
6273718
6274282
6274846
6276965
6277529
6280212
6280776
6283459
6284023
6286706
6287270
6289953
6290517
6292636
6293200
6293764
6295883
6296447
6299130
6299694
6302377
6302941
6305624
6306188
6308871
6309435
6311554
6312118
6312682
6314801
6315365
6318048
6318612
6321295
6321859
6324542
6325106
6327789
6328353
6330472
6331036
6331600
6333719
6334283
6336966
6337530
6340213
6340777
6343460
6344024
6346707
6347271
6349390
6349954
6350518
6352637
6353201
6355884
6356448
6359131
6359695
6362378
6362942
6365625
6366189
6368308
6368872
6369436
6371555
6372119
6374802
6375366
6378049
6378613
6381296
6381860
6384543
6385107
6387226
6387790
6388354
6390473
6391037
6393720
6394284
6396967
6397531
6400214
6400778
6403461
6404025
6406144
6406708
6407272
6409391
6409955
6412638
6413202
6415885
6416449
6419132
6419696
6422379
6422943
6425062
6425626
6426190
6428309
6428873
6431556
6432120
6434803
6435367
6438050
6438614
6440733
6441297
6441861
6443980
6444544
6445108
6447227
6447791
6450474
6451038
6453721
6454285
6456968
6457532
6459651
6460215
6460779
6462898
6463462
6464026
6466145
6466709
6469392
6469956
6472639
6473203
6475886
6476450
6478569
6479133
6479697
6481816
6482380
6482944
6485063
6485627
6488310
6488874
6491557
6492121
6494804
6495368
6497487
6498051
6498615
6500734
6501298
6503981
6504545
6507228
6507792
6510475
6511039
6513722
6514286
6516405
6516969
6517533
6519652
6520216
6522899
6523463
6526146
6526710
6529393
6529957
6532640
6533204
6535323
6535887
6536451
6538570
6539134
6541817
6542381
6545064
6545628
6548311
6548875
6551558
6552122
6554241
6554805
6555369
6557488
6558052
6560735
6561299
6563982
6564546
6567229
6567793
6570476
6571040
6573159
6573723
6574287
6576406
6576970
6579653
6580217
6582900
6583464
6586147
6586711
6589394
6589958
6592077
6592641
6593205
6595324
6595888
6598571
6599135
6601818
6602382
6605065
6605629
6608312
6608876
6610995
6611559
6612123
6614242
6614806
6617489
6618053
6620736
6621300
6623983
6624547
6627230
6627794
6629913
6630477
6631041
6633160
6633724
6636407
6636971
6639654
6640218
6642901
6643465
6646148
6646712
6648831
6649395
6649959
6652078
6652642
6655325
6655889
6658572
6659136
6661819
6662383
6665066
6665630
6667749
6668313
6668877
6670996
6671560
6674243
6674807
6677490
6678054
6680737
6681301
6683984
6684548
6686667
6687231
6687795
6689914
6690478
6693161
6693725
6696408
6696972
6699655
6700219
6702902
6703466
6705585
6706149
6706713
6708832
6709396
6712079
6712643
6715326
6715890
6718573
6719137
6721820
6722384
6724503
6725067
6725631
6727750
6728314
6730997
6731561
6734244
6734808
6737491
6738055
6740738
6741302
6743421
6743985
6744549
6746668
6747232
6749915
6750479
6753162
6753726
6756409
6756973
6759656
6760220
6762339
6762903
6763467
6765586
6766150
6768833
6769397
6772080
6772644
6775327
6775891
6778574
6779138
6781257
6781821
6782385
6784504
6785068
6787751
6788315
6790998
6791562
6794245
6794809
6797492
6798056
6800175
6800739
6801303
6803422
6803986
6806669
6807233
6809916
6810480
6813163
6813727
6816410
6816974
6819093
6819657
6820221
6822340
6822904
6825587
6826151
6828834
6829398
6832081
6832645
6835328
6835892
6838011
6838575
6839139
6841258
6841822
6844505
6845069
6847752
6848316
6850999
6851563
6854246
6854810
6856929
6857493
6858057
6860176
6860740
6863423
6863987
6866670
6867234
6869917
6870481
6873164
6873728
6875847
6876411
6876975
6879094
6879658
6882341
6882905
6885588
6886152
6888835
6889399
6892082
6892646
6894765
6895329
6895893
6898012
6898576
6901259
6901823
6904506
6905070
6907753
6908317
6911000
6911564
6913683
6914247
6914811
6916930
6917494
6920177
6920741
6923424
6923988
6926671
6927235
6929918
6930482
6932601
6933165
6933729
6935848
6936412
6939095
6939659
6942342
6942906
6945589
6946153
6948836
6949400
6951519
6952083
6952647
6954766
6955330
6958013
6958577
6961260
6961824
6964507
6965071
6967754
6968318
6970437
6971001
6971565
6973684
6974248
6976931
6977495
6980178
6980742
6983425
6983989
6986672
6987236
6989355
6989919
6990483
6992602
6993166
6995849
6996413
6999096
6999660
7002343
7002907
7005590
7006154
7008273
7008837
7009401
7011520
7012084
7014767
7015331
7018014
7018578
7021261
7021825
7024508
7025072
7027191
7027755
7028319
7030438
7031002
7033685
7034249
7036932
7037496
7040179
7040743
7043426
7043990
7046109
7046673
7047237
7049356
7049920
7052603
7053167
7055850
7056414
7059097
7059661
7062344
7062908
7065027
7065591
7066155
7068274
7068838
7071521
7072085
7074768
7075332
7078015
7078579
7081262
7081826
7083945
7084509
7085073
7087192
7087756
7090439
7091003
7093686
7094250
7096933
7097497
7100180
7100744
7102863
7103427
7103991
7106110
7106674
7109357
7109921
7112604
7113168
7115851
7116415
7119098
7119662
7121781
7122345
7122909
7125028
7125592
7128275
7128839
7131522
7132086
7134769
7135333
7138016
7138580
7140699
7141263
7141827
7143946
7144510
7147193
7147757
7150440
7151004
7153687
7154251
7156370
7156934
7157498
7159617
7160181
7160745
7162864
7163428
7166111
7166675
7169358
7169922
7172605
7173169
7175288
7175852
7176416
7178535
7179099
7179663
7181782
7182346
7185029
7185593
7188276
7188840
7191523
7192087
7194206
7194770
7195334
7197453
7198017
7198581
7200700
7201264
7203947
7204511
7207194
7207758
7210441
7211005
7213124
7213688
7214252
7216371
7216935
7219618
7220182
7222865
7223429
7226112
7226676
7229359
7229923
7232042
7232606
7233170
7235289
7235853
7238536
7239100
7241783
7242347
7245030
7245594
7248277
7248841
7250960
7251524
7252088
7254207
7254771
7257454
7258018
7260701
7261265
7263948
7264512
7267195
7267759
7269878
7270442
7271006
7273125
7273689
7276372
7276936
7279619
7280183
7282866
7283430
7286113
7286677
7288796
7289360
7289924
7292043
7292607
7295290
7295854
7298537
7299101
7301784
7302348
7305031
7305595
7307714
7308278
7308842
7310961
7311525
7314208
7314772
7317455
7318019
7320702
7321266
7323949
7324513
7326632
7327196
7327760
7329879
7330443
7333126
7333690
7336373
7336937
7339620
7340184
7342867
7343431
7345550
7346114
7346678
7348797
7349361
7352044
7352608
7355291
7355855
7358538
7359102
7361785
7362349
7364468
7365032
7365596
7367715
7368279
7370962
7371526
7374209
7374773
7377456
7378020
7380703
7381267
7383386
7383950
7384514
7386633
7387197
7389880
7390444
7393127
7393691
7396374
7396938
7399621
7400185
7402304
7402868
7403432
7405551
7406115
7408798
7409362
7412045
7412609
7415292
7415856
7418539
7419103
7421222
7421786
7422350
7424469
7425033
7427716
7428280
7430963
7431527
7434210
7434774
7437457
7438021
7440140
7440704
7441268
7443387
7443951
7446634
7447198
7449881
7450445
7453128
7453692
7456375
7456939
7459058
7459622
7460186
7462305
7462869
7465552
7466116
7468799
7469363
7472046
7472610
7475293
7475857
7477976
7478540
7479104
7481223
7481787
7484470
7485034
7487717
7488281
7490964
7491528
7494211
7494775
7496894
7497458
7498022
7500141
7500705
7503388
7503952
7506635
7507199
7509882
7510446
7513129
7513693
7515812
7516376
7516940
7519059
7519623
7522306
7522870
7525553
7526117
7528800
7529364
7532047
7532611
7534730
7535294
7535858
7537977
7538541
7541224
7541788
7544471
7545035
7547718
7548282
7550965
7551529
7553648
7554212
7554776
7556895
7557459
7560142
7560706
7563389
7563953
7566636
7567200
7569883
7570447
7572566
7573130
7573694
7575813
7576377
7579060
7579624
7582307
7582871
7585554
7586118
7588801
7589365
7591484
7592048
7592612
7594731
7595295
7597978
7598542
7601225
7601789
7604472
7605036
7607719
7608283
7610402
7610966
7611530
7613649
7614213
7616896
7617460
7620143
7620707
7623390
7623954
7626637
7627201
7629320
7629884
7630448
7632567
7633131
7635814
7636378
7639061
7639625
7642308
7642872
7645555
7646119
7648238
7648802
7649366
7651485
7652049
7654732
7655296
7657979
7658543
7661226
7661790
7664473
7665037
7667156
7667720
7668284
7670403
7670967
7673650
7674214
7676897
7677461
7680144
7680708
7683391
7683955
7686074
7686638
7687202
7689321
7689885
7692568
7693132
7695815
7696379
7699062
7699626
7702309
7702873
7704992
7705556
7706120
7708239
7708803
7711486
7712050
7714733
7715297
7717980
7718544
7721227
7721791
7723910
7724474
7725038
7727157
7727721
7730404
7730968
7733651
7734215
7736898
7737462
7740145
7740709
7742828
7743392
7743956
7746075
7746639
7749322
7749886
7752569
7753133
7755816
7756380
7759063
7759627
7761746
7762310
7762874
7764993
7765557
7768240
7768804
7771487
7772051
7774734
7775298
7777981
7778545
7780664
7781228
7781792
7783911
7784475
7787158
7787722
7790405
7790969
7793652
7794216
7796899
7797463
7799582
7800146
7800710
7802829
7803393
7806076
7806640
7809323
7809887
7812570
7813134
7815817
7816381
7818500
7819064
7819628
7821747
7822311
7824994
7825558
7828241
7828805
7831488
7832052
7834735
7835299
7837418
7837982
7838546
7840665
7841229
7843912
7844476
7847159
7847723
7850406
7850970
7853653
7854217
7856336
7856900
7857464
7859583
7860147
7862830
7863394
7866077
7866641
7869324
7869888
7872007
7872571
7873135
7875254
7875818
7876382
7878501
7879065
7881748
7882312
7884995
7885559
7888242
7888806
7890925
7891489
7892053
7894172
7894736
7895300
7897419
7897983
7900666
7901230
7903913
7904477
7907160
7907724
7909843
7910407
7910971
7913090
7913654
7914218
7916337
7916901
7919584
7920148
7922831
7923395
7926078
7926642
7928761
7929325
7929889
7932008
7932572
7935255
7935819
7938502
7939066
7941749
7942313
7944996
7945560
7947679
7948243
7948807
7950926
7951490
7954173
7954737
7957420
7957984
7960667
7961231
7963914
7964478
7966597
7967161
7967725
7969844
7970408
7973091
7973655
7976338
7976902
7979585
7980149
7982832
7983396
7985515
7986079
7986643
7988762
7989326
7992009
7992573
7995256
7995820
7998503
7999067
8001750
8002314
8004433
8004997
8005561
8007680
8008244
8010927
8011491
8014174
8014738
8017421
8017985
8020668
8021232
8023351
8023915
8024479
8026598
8027162
8029845
8030409
8033092
8033656
8036339
8036903
8039586
8040150
8042269
8042833
8043397
8045516
8046080
8048763
8049327
8052010
8052574
8055257
8055821
8058504
8059068
8061187
8061751
8062315
8064434
8064998
8067681
8068245
8070928
8071492
8074175
8074739
8077422
8077986
8080105
8080669
8081233
8083352
8083916
8086599
8087163
8089846
8090410
8093093
8093657
8096340
8096904
8099023
8099587
8100151
8102270
8102834
8105517
8106081
8108764
8109328
8112011
8112575
8115258
8115822
8117941
8118505
8119069
8121188
8121752
8124435
8124999
8127682
8128246
8130929
8131493
8134176
8134740
8136859
8137423
8137987
8140106
8140670
8143353
8143917
8146600
8147164
8149847
8150411
8153094
8153658
8155777
8156341
8156905
8159024
8159588
8162271
8162835
8165518
8166082
8168765
8169329
8172012
8172576
8174695
8175259
8175823
8177942
8178506
8181189
8181753
8184436
8185000
8187683
8188247
8190930
8191494
8193613
8194177
8194741
8196860
8197424
8200107
8200671
8203354
8203918
8206601
8207165
8209848
8210412
8212531
8213095
8213659
8215778
8216342
8219025
8219589
8222272
8222836
8225519
8226083
8228766
8229330
8231449
8232013
8232577
8234696
8235260
8237943
8238507
8241190
8241754
8244437
8245001
8247684
8248248
8250367
8250931
8251495
8253614
8254178
8256861
8257425
8260108
8260672
8263355
8263919
8266602
8267166
8269285
8269849
8270413
8272532
8273096
8275779
8276343
8279026
8279590
8282273
8282837
8285520
8286084
8288203
8288767
8289331
8291450
8292014
8294697
8295261
8297944
8298508
8301191
8301755
8304438
8305002
8307121
8307685
8308249
8310368
8310932
8313615
8314179
8316862
8317426
8320109
8320673
8323356
8323920
8326039
8326603
8327167
8329286
8329850
8332533
8333097
8335780
8336344
8339027
8339591
8342274
8342838
8344957
8345521
8346085
8348204
8348768
8351451
8352015
8354698
8355262
8357945
8358509
8361192
8361756
8363875
8364439
8365003
8367122
8367686
8370369
8370933
8373616
8374180
8376863
8377427
8380110
8380674
8382793
8383357
8383921
8386040
8386604
8389287
8389851
8392534
8393098
8395781
8396345
8399028
8399592
8401711
8402275
8402839
8404958
8405522
8408205
8408769
8411452
8412016
8414699
8415263
8417946
8418510
8420629
8421193
8421757
8423876
8424440
8427123
8427687
8430370
8430934
8433617
8434181
8436864
8437428
8439547
8440111
8440675
8442794
8443358
8446041
8446605
8449288
8449852
8452535
8453099
8455782
8456346
8458465
8459029
8459593
8461712
8462276
8464959
8465523
8468206
8468770
8471453
8472017
8474700
8475264
8477383
8477947
8478511
8480630
8481194
8483877
8484441
8487124
8487688
8490371
8490935
8493618
8494182
8496301
8496865
8497429
8499548
8500112
8502795
8503359
8506042
8506606
8509289
8509853
8512536
8513100
8515219
8515783
8516347
8518466
8519030
8521713
8522277
8524960
8525524
8528207
8528771
8531454
8532018
8534137
8534701
8535265
8537384
8537948
8540631
8541195
8543878
8544442
8547125
8547689
8550372
8550936
8553055
8553619
8554183
8556302
8556866
8559549
8560113
8562796
8563360
8566043
8566607
8569290
8569854
8571973
8572537
8573101
8575220
8575784
8578467
8579031
8581714
8582278
8584961
8585525
8587644
8588208
8588772
8590891
8591455
8592019
8594138
8594702
8597385
8597949
8600632
8601196
8603879
8604443
8606562
8607126
8607690
8609809
8610373
8610937
8613056
8613620
8616303
8616867
8619550
8620114
8622797
8623361
8625480
8626044
8626608
8628727
8629291
8629855
8631974
8632538
8635221
8635785
8638468
8639032
8641715
8642279
8644398
8644962
8645526
8647645
8648209
8650892
8651456
8654139
8654703
8657386
8657950
8660633
8661197
8663316
8663880
8664444
8666563
8667127
8669810
8670374
8673057
8673621
8676304
8676868
8679551
8680115
8682234
8682798
8683362
8685481
8686045
8688728
8689292
8691975
8692539
8695222
8695786
8698469
8699033
8701152
8701716
8702280
8704399
8704963
8707646
8708210
8710893
8711457
8714140
8714704
8717387
8717951
8720070
8720634
8721198
8723317
8723881
8726564
8727128
8729811
8730375
8733058
8733622
8736305
8736869
8738988
8739552
8740116
8742235
8742799
8745482
8746046
8748729
8749293
8751976
8752540
8755223
8755787
8757906
8758470
8759034
8761153
8761717
8764400
8764964
8767647
8768211
8770894
8771458
8774141
8774705
8776824
8777388
8777952
8780071
8780635
8783318
8783882
8786565
8787129
8789812
8790376
8793059
8793623
8795742
8796306
8796870
8798989
8799553
8802236
8802800
8805483
8806047
8808730
8809294
8811977
8812541
8814660
8815224
8815788
8817907
8818471
8821154
8821718
8824401
8824965
8827648
8828212
8830895
8831459
8833578
8834142
8834706
8836825
8837389
8840072
8840636
8843319
8843883
8846566
8847130
8849813
8850377
8852496
8853060
8853624
8855743
8856307
8858990
8859554
8862237
8862801
8865484
8866048
8868731
8869295
8871414
8871978
8872542
8874661
8875225
8877908
8878472
8881155
8881719
8884402
8884966
8887649
8888213
8890332
8890896
8891460
8893579
8894143
8896826
8897390
8900073
8900637
8903320
8903884
8906567
8907131
8909250
8909814
8910378
8912497
8913061
8915744
8916308
8918991
8919555
8922238
8922802
8925485
8926049
8928168
8928732
8929296
8931415
8931979
8934662
8935226
8937909
8938473
8941156
8941720
8944403
8944967
8947086
8947650
8948214
8950333
8950897
8953580
8954144
8956827
8957391
8960074
8960638
8963321
8963885
8966004
8966568
8967132
8969251
8969815
8972498
8973062
8975745
8976309
8978992
8979556
8982239
8982803
8984922
8985486
8986050
8988169
8988733
8991416
8991980
8994663
8995227
8997910
8998474
9001157
9001721
9003840
9004404
9004968
9007087
9007651
9010334
9010898
9013581
9014145
9016828
9017392
9020075
9020639
9022758
9023322
9023886
9026005
9026569
9029252
9029816
9032499
9033063
9035746
9036310
9038993
9039557
9041676
9042240
9042804
9044923
9045487
9048170
9048734
9051417
9051981
9054664
9055228
9057911
9058475
9060594
9061158
9061722
9063841
9064405
9067088
9067652
9070335
9070899
9073582
9074146
9076829
9077393
9079512
9080076
9080640
9082759
9083323
9086006
9086570
9089253
9089817
9092500
9093064
9095747
9096311
9098430
9098994
9099558
9101677
9102241
9104924
9105488
9108171
9108735
9111418
9111982
9114665
9115229
9117348
9117912
9118476
9120595
9121159
9123842
9124406
9127089
9127653
9130336
9130900
9133583
9134147
9136266
9136830
9137394
9139513
9140077
9142760
9143324
9146007
9146571
9149254
9149818
9152501
9153065
9155184
9155748
9156312
9158431
9158995
9161678
9162242
9164925
9165489
9168172
9168736
9171419
9171983
9174102
9174666
9175230
9177349
9177913
9180596
9181160
9183843
9184407
9187090
9187654
9190337
9190901
9193020
9193584
9194148
9196267
9196831
9199514
9200078
9202761
9203325
9206008
9206572
9209255
9209819
9211938
9212502
9213066
9215185
9215749
9218432
9218996
9221679
9222243
9224926
9225490
9228173
9228737
9230856
9231420
9231984
9234103
9234667
9237350
9237914
9240597
9241161
9243844
9244408
9247091
9247655
9249774
9250338
9250902
9253021
9253585
9256268
9256832
9259515
9260079
9262762
9263326
9266009
9266573
9268692
9269256
9269820
9271939
9272503
9275186
9275750
9278433
9278997
9281680
9282244
9284927
9285491
9287610
9288174
9288738
9290857
9291421
9294104
9294668
9297351
9297915
9300598
9301162
9303281
9303845
9304409
9306528
9307092
9307656
9309775
9310339
9313022
9313586
9316269
9316833
9319516
9320080
9322199
9322763
9323327
9325446
9326010
9326574
9328693
9329257
9331940
9332504
9335187
9335751
9338434
9338998
9341117
9341681
9342245
9344364
9344928
9345492
9347611
9348175
9350858
9351422
9354105
9354669
9357352
9357916
9360035
9360599
9361163
9363282
9363846
9366529
9367093
9369776
9370340
9373023
9373587
9376270
9376834
9378953
9379517
9380081
9382200
9382764
9385447
9386011
9388694
9389258
9391941
9392505
9395188
9395752
9397871
9398435
9398999
9401118
9401682
9404365
9404929
9407612
9408176
9410859
9411423
9414106
9414670
9416789
9417353
9417917
9420036
9420600
9423283
9423847
9426530
9427094
9429777
9430341
9433024
9433588
9435707
9436271
9436835
9438954
9439518
9442201
9442765
9445448
9446012
9448695
9449259
9451942
9452506
9454625
9455189
9455753
9457872
9458436
9461119
9461683
9464366
9464930
9467613
9468177
9470860
9471424
9473543
9474107
9474671
9476790
9477354
9480037
9480601
9483284
9483848
9486531
9487095
9489778
9490342
9492461
9493025
9493589
9495708
9496272
9498955
9499519
9502202
9502766
9505449
9506013
9508696
9509260
9511379
9511943
9512507
9514626
9515190
9517873
9518437
9521120
9521684
9524367
9524931
9527614
9528178
9530297
9530861
9531425
9533544
9534108
9536791
9537355
9540038
9540602
9543285
9543849
9546532
9547096
9549215
9549779
9550343
9552462
9553026
9555709
9556273
9558956
9559520
9562203
9562767
9565450
9566014
9568133
9568697
9569261
9571380
9571944
9574627
9575191
9577874
9578438
9581121
9581685
9584368
9584932
9587051
9587615
9588179
9590298
9590862
9593545
9594109
9596792
9597356
9600039
9600603
9603286
9603850
9605969
9606533
9607097
9609216
9609780
9612463
9613027
9615710
9616274
9618957
9619521
9622204
9622768
9624887
9625451
9626015
9628134
9628698
9631381
9631945
9634628
9635192
9637875
9638439
9641122
9641686
9643805
9644369
9644933
9647052
9647616
9650299
9650863
9653546
9654110
9656793
9657357
9660040
9660604
9662723
9663287
9663851
9665970
9666534
9669217
9669781
9672464
9673028
9675711
9676275
9678958
9679522
9681641
9682205
9682769
9684888
9685452
9688135
9688699
9691382
9691946
9694629
9695193
9697876
9698440
9700559
9701123
9701687
9703806
9704370
9707053
9707617
9710300
9710864
9713547
9714111
9716794
9717358
9719477
9720041
9720605
9722724
9723288
9725971
9726535
9729218
9729782
9732465
9733029
9735712
9736276
9738395
9738959
9739523
9741642
9742206
9744889
9745453
9748136
9748700
9751383
9751947
9754630
9755194
9757313
9757877
9758441
9760560
9761124
9763807
9764371
9767054
9767618
9770301
9770865
9773548
9774112
9776231
9776795
9777359
9779478
9780042
9782725
9783289
9785972
9786536
9789219
9789783
9792466
9793030
9795149
9795713
9796277
9798396
9798960
9801643
9802207
9804890
9805454
9808137
9808701
9811384
9811948
9814067
9814631
9815195
9817314
9817878
9820561
9821125
9823808
9824372
9827055
9827619
9830302
9830866
9832985
9833549
9834113
9836232
9836796
9839479
9840043
9842726
9843290
9845973
9846537
9849220
9849784
9851903
9852467
9853031
9855150
9855714
9858397
9858961
9861644
9862208
9864891
9865455
9868138
9868702
9870821
9871385
9871949
9874068
9874632
9877315
9877879
9880562
9881126
9883809
9884373
9887056
9887620
9889739
9890303
9890867
9892986
9893550
9896233
9896797
9899480
9900044
9902727
9903291
9905974
9906538
9908657
9909221
9909785
9911904
9912468
9915151
9915715
9918398
9918962
9921645
9922209
9924892
9925456
9927575
9928139
9928703
9930822
9931386
9934069
9934633
9937316
9937880
9940563
9941127
9943810
9944374
9946493
9947057
9947621
9949740
9950304
9952987
9953551
9956234
9956798
9959481
9960045
9962728
9963292
9965411
9965975
9966539
9968658
9969222
9971905
9972469
9975152
9975716
9978399
9978963
9981646
9982210
9984329
9984893
9985457
9987576
9988140
9990823
9991387
9994070
9994634
9997317
9997881
